Started by user [8mha:////4JJGbLXfOu8n9Izj23FCRBvV/7qdRYy54AaxX4TeXaOsAAAAmh+LCAAAAAAAAP9b85aBtbiIQTGjNKU4P08vOT+vOD8nVc83PyU1x6OyILUoJzMv2y+/JJUBAhiZGBgqihhk0NSjKDWzXb3RdlLBUSYGJk8GtpzUvPSSDB8G5tKinBIGIZ+sxLJE/ZzEvHT94JKizLx0a6BxUmjGOUNodHsLgAyOEgY+/dLi1CL9rMzi7NS01BIAbPG5MMMAAAA=[0mjiskefet
ln builds/lastSuccessfulBuild /var/lib/jenkins/jobs/jiskefet-api-pipeline/lastSuccessful failed
java.nio.file.DirectoryNotEmptyException: /var/lib/jenkins/jobs/jiskefet-api-pipeline/lastSuccessful
	at sun.nio.fs.UnixFileSystemProvider.implDelete(UnixFileSystemProvider.java:242)
	at sun.nio.fs.AbstractFileSystemProvider.deleteIfExists(AbstractFileSystemProvider.java:108)
	at java.nio.file.Files.deleteIfExists(Files.java:1165)
	at hudson.Util.createSymlink(Util.java:1396)
	at hudson.model.Run.createSymlink(Run.java:1949)
	at hudson.model.Run.updateSymlinks(Run.java:1930)
	at hudson.model.Run.execute(Run.java:1808)
	at hudson.model.FreeStyleBuild.run(FreeStyleBuild.java:43)
	at hudson.model.ResourceController.execute(ResourceController.java:97)
	at hudson.model.Executor.run(Executor.java:429)
ln builds/lastStableBuild /var/lib/jenkins/jobs/jiskefet-api-pipeline/lastStable failed
java.nio.file.DirectoryNotEmptyException: /var/lib/jenkins/jobs/jiskefet-api-pipeline/lastStable
	at sun.nio.fs.UnixFileSystemProvider.implDelete(UnixFileSystemProvider.java:242)
	at sun.nio.fs.AbstractFileSystemProvider.deleteIfExists(AbstractFileSystemProvider.java:108)
	at java.nio.file.Files.deleteIfExists(Files.java:1165)
	at hudson.Util.createSymlink(Util.java:1396)
	at hudson.model.Run.createSymlink(Run.java:1949)
	at hudson.model.Run.updateSymlinks(Run.java:1931)
	at hudson.model.Run.execute(Run.java:1808)
	at hudson.model.FreeStyleBuild.run(FreeStyleBuild.java:43)
	at hudson.model.ResourceController.execute(ResourceController.java:97)
	at hudson.model.Executor.run(Executor.java:429)
Building in workspace /var/lib/jenkins/workspace/jiskefet-api-pipeline
 > git rev-parse --is-inside-work-tree # timeout=10
Fetching changes from the remote Git repository
 > git config remote.origin.url https://github.com/SoftwareForScience/jiskefet-api.git # timeout=10
Fetching upstream changes from https://github.com/SoftwareForScience/jiskefet-api.git
 > git --version # timeout=10
 > git fetch --tags --progress https://github.com/SoftwareForScience/jiskefet-api.git +refs/heads/*:refs/remotes/origin/*
Seen branch in repository origin/develop
Seen branch in repository origin/feature/39-developer-section
Seen branch in repository origin/feature/52-query-only
Seen branch in repository origin/feature/6-http-responses
Seen branch in repository origin/feature/81-jenkins
Seen branch in repository origin/feature/CERN-SSO
Seen branch in repository origin/feature/infologger
Seen branch in repository origin/hotfix/cors-c
Seen branch in repository origin/master
Seen branch in repository origin/refactor/21-mocha-to-jest
Seen 10 remote branches
 > git show-ref --tags -d # timeout=10
Checking out Revision f975c9481fcf2882dd1da956bb08567504f4f77e (origin/feature/CERN-SSO)
 > git config core.sparsecheckout # timeout=10
 > git checkout -f f975c9481fcf2882dd1da956bb08567504f4f77e
Commit message: "Abstract class for auth services which implements an interface for Authentication, and auth services get instaniated by a auth service facory"
 > git rev-list --no-walk f975c9481fcf2882dd1da956bb08567504f4f77e # timeout=10
[jiskefet-api-pipeline] $ /bin/sh -xe /tmp/jenkins105688397444016157.sh
+ npm i

> bcrypt@3.0.2 install /var/lib/jenkins/workspace/jiskefet-api-pipeline/node_modules/bcrypt
> node-pre-gyp install --fallback-to-build

node-pre-gyp WARN Using request for node-pre-gyp https download 
[bcrypt] Success: "/var/lib/jenkins/workspace/jiskefet-api-pipeline/node_modules/bcrypt/lib/binding/bcrypt_lib.node" is installed via remote

> @nestjs/core@5.3.7 postinstall /var/lib/jenkins/workspace/jiskefet-api-pipeline/node_modules/@nestjs/core
> opencollective

                           Thanks for installing nest 
                 Please consider donating to our open collective
                        to help us maintain this package.
                                         
                            Number of contributors: 56
                              Number of backers: 106
                              Annual budget: $34,242
                             Current balance: $3,391
                                         
             Become a partner: https://opencollective.com/nest/donate
                                         

> nodemon@1.18.7 postinstall /var/lib/jenkins/workspace/jiskefet-api-pipeline/node_modules/nodemon
> node bin/postinstall || exit 0

[32mLove nodemon? You can now support the project via the open collective:[22m[39m
 > [96m[1mhttps://opencollective.com/nodemon/donate[0m

npm WARN jiskefet-api@0.0.0 No repository field.
npm WARN optional SKIPPING OPTIONAL DEPENDENCY: fsevents@1.2.4 (node_modules/nyc/node_modules/fsevents):
npm WARN notsup SKIPPING OPTIONAL DEPENDENCY: Unsupported platform for fsevents@1.2.4: wanted {"os":"darwin","arch":"any"} (current: {"os":"linux","arch":"x64"})
npm WARN optional SKIPPING OPTIONAL DEPENDENCY: fsevents@1.2.4 (node_modules/fsevents):
npm WARN notsup SKIPPING OPTIONAL DEPENDENCY: Unsupported platform for fsevents@1.2.4: wanted {"os":"darwin","arch":"any"} (current: {"os":"linux","arch":"x64"})

added 1180 packages from 1673 contributors and audited 9380 packages in 29.957s
found 0 vulnerabilities

+ npx tslint -c tslint.json 'src/**/*.ts'
+ npm t

> jiskefet-api@0.0.0 test /var/lib/jenkins/workspace/jiskefet-api-pipeline
> nyc mocha


/var/lib/jenkins/workspace/jiskefet-api-pipeline/node_modules/ts-node/src/index.ts:261
    return new TSError(diagnosticText, diagnosticCodes)
           ^
TSError: тип Unable to compile TypeScript:
test/controllers/log.controller.e2e-spec.ts(48,15): error TS2322: Type '{ subtype: string; origin: string; title: string; text: string; runs: number[]; }' is not assignable to type 'CreateLogDto'.
  Property 'user' is missing in type '{ subtype: string; origin: string; title: string; text: string; runs: number[]; }'.

    at createTSError (/var/lib/jenkins/workspace/jiskefet-api-pipeline/node_modules/ts-node/src/index.ts:261:12)
    at getOutput (/var/lib/jenkins/workspace/jiskefet-api-pipeline/node_modules/ts-node/src/index.ts:367:40)
    at Object.compile (/var/lib/jenkins/workspace/jiskefet-api-pipeline/node_modules/ts-node/src/index.ts:558:11)
    at Module.m._compile (/var/lib/jenkins/workspace/jiskefet-api-pipeline/node_modules/ts-node/src/index.ts:439:43)
    at module.exports (/var/lib/jenkins/workspace/jiskefet-api-pipeline/node_modules/nyc/node_modules/default-require-extensions/js.js:7:9)
    at /var/lib/jenkins/workspace/jiskefet-api-pipeline/node_modules/nyc/node_modules/append-transform/index.js:62:4
    at require.extensions.(anonymous function) (/var/lib/jenkins/workspace/jiskefet-api-pipeline/node_modules/ts-node/src/index.ts:442:12)
    at Object.<anonymous> (/var/lib/jenkins/workspace/jiskefet-api-pipeline/node_modules/nyc/node_modules/append-transform/index.js:62:4)
    at Module.load (internal/modules/cjs/loader.js:598:32)
    at tryModuleLoad (internal/modules/cjs/loader.js:537:12)
    at Function.Module._load (internal/modules/cjs/loader.js:529:3)
    at Module.require (internal/modules/cjs/loader.js:636:17)
    at require (internal/modules/cjs/helpers.js:20:18)
    at /var/lib/jenkins/workspace/jiskefet-api-pipeline/node_modules/mocha/lib/mocha.js:250:27
    at Array.forEach (<anonymous>)
    at Mocha.loadFiles (/var/lib/jenkins/workspace/jiskefet-api-pipeline/node_modules/mocha/lib/mocha.js:247:14)
    at Mocha.run (/var/lib/jenkins/workspace/jiskefet-api-pipeline/node_modules/mocha/lib/mocha.js:576:10)
    at Object.<anonymous> (/var/lib/jenkins/workspace/jiskefet-api-pipeline/node_modules/mocha/bin/_mocha:637:18)
    at Module._compile (internal/modules/cjs/loader.js:688:30)
    at Module.replacementCompile (/var/lib/jenkins/workspace/jiskefet-api-pipeline/node_modules/nyc/node_modules/append-transform/index.js:58:13)
    at Module._extensions..js (internal/modules/cjs/loader.js:699:10)
    at Object.<anonymous> (/var/lib/jenkins/workspace/jiskefet-api-pipeline/node_modules/nyc/node_modules/append-transform/index.js:62:4)
    at Module.load (internal/modules/cjs/loader.js:598:32)
    at tryModuleLoad (internal/modules/cjs/loader.js:537:12)
    at Function.Module._load (internal/modules/cjs/loader.js:529:3)
    at Function.Module.runMain (internal/modules/cjs/loader.js:741:12)
    at runMain (/var/lib/jenkins/.node-spawn-wrap-17546-f20cec8dfbdc/node:68:10)
    at Function.<anonymous> (/var/lib/jenkins/.node-spawn-wrap-17546-f20cec8dfbdc/node:171:5)
    at Object.<anonymous> (/var/lib/jenkins/workspace/jiskefet-api-pipeline/node_modules/nyc/bin/wrap.js:23:4)
    at Module._compile (internal/modules/cjs/loader.js:688:30)
    at Object.Module._extensions..js (internal/modules/cjs/loader.js:699:10)
    at Module.load (internal/modules/cjs/loader.js:598:32)
    at tryModuleLoad (internal/modules/cjs/loader.js:537:12)
    at Function.Module._load (internal/modules/cjs/loader.js:529:3)
    at Function.Module.runMain (internal/modules/cjs/loader.js:741:12)
    at /var/lib/jenkins/.node-spawn-wrap-17546-f20cec8dfbdc/node:178:8
    at Object.<anonymous> (/var/lib/jenkins/.node-spawn-wrap-17546-f20cec8dfbdc/node:181:3)
    at Module._compile (internal/modules/cjs/loader.js:688:30)
    at Object.Module._extensions..js (internal/modules/cjs/loader.js:699:10)
    at Module.load (internal/modules/cjs/loader.js:598:32)
    at tryModuleLoad (internal/modules/cjs/loader.js:537:12)
    at Function.Module._load (internal/modules/cjs/loader.js:529:3)
    at Function.Module.runMain (internal/modules/cjs/loader.js:741:12)
    at startup (internal/bootstrap/node.js:285:19)
    at bootstrapNodeJSCore (internal/bootstrap/node.js:739:3)

=============================== Coverage summary ===============================
Statements   : Unknown% ( 0/0 )
Branches     : Unknown% ( 0/0 )
Functions    : Unknown% ( 0/0 )
Lines        : Unknown% ( 0/0 )
================================================================================
npm ERR! Test failed.  See above for more details.
Build step 'Execute shell' marked build as failure
Finished: FAILURE
